2015-11-10 15:26:56 10fc InnoDB: Warning: Using innodb_additional_mem_pool_size is DEPRECATED. This option may be removed in future releases, together with the option innodb_use_sys_malloc and with the InnoDB's internal memory allocator.
2015-11-10 15:26:56 4348 [Note] InnoDB: Using mutexes to ref count buffer pool pages
2015-11-10 15:26:56 4348 [Note] InnoDB: The InnoDB memory heap is disabled
2015-11-10 15:26:56 4348 [Note] InnoDB: Mutexes and rw_locks use Windows interlocked functions
2015-11-10 15:26:56 4348 [Note] InnoDB: Memory barrier is not used
2015-11-10 15:26:56 4348 [Note] InnoDB: Compressed tables use zlib 1.2.3
2015-11-10 15:26:56 4348 [Note] InnoDB: Not using CPU crc32 instructions
2015-11-10 15:26:56 4348 [Note] InnoDB: Initializing buffer pool, size = 16.0M
2015-11-10 15:26:56 4348 [Note] InnoDB: Completed initialization of buffer pool
2015-11-10 15:26:56 4348 [Note] InnoDB: Highest supported file format is Barracuda.
2015-11-10 15:26:57 4348 [Note] InnoDB: 128 rollback segment(s) are active.
2015-11-10 15:26:57 4348 [Note] InnoDB: Waiting for purge to start
2015-11-10 15:26:57 4348 [Note] InnoDB:  Percona XtraDB (http://www.percona.com) 5.6.26-74.0 started; log sequence number 1835027
2015-11-10 15:26:57 6140 [Note] InnoDB: Dumping buffer pool(s) not yet started
2015-11-10 15:26:57 4348 [Note] Plugin 'FEEDBACK' is disabled.
2015-11-10 15:26:57 4348 [Note] Server socket created on IP: '::'.
2015-11-10 15:26:57 4348 [Note] Event Scheduler: Loaded 0 events
2015-11-10 15:26:57 4348 [Note] C:\xampp\mysql\bin\mysqld.exe: ready for connections.
Version: '10.1.8-MariaDB'  socket: ''  port: 3306  mariadb.org binary distribution
2015-11-10 15:27:11 5152 [Note] C:\xampp\mysql\bin\mysqld.exe: Normal shutdown

2015-11-10 15:27:11 5152 [Note] Event Scheduler: Purging the queue. 0 events
2015-11-10 15:27:11 5732 [Note] InnoDB: FTS optimize thread exiting.
2015-11-10 15:27:11 5152 [Note] InnoDB: Starting shutdown...
2015-11-10 15:27:13 5152 [Note] InnoDB: Shutdown completed; log sequence number 1835037
2015-11-10 15:27:13 5152 [Note] C:\xampp\mysql\bin\mysqld.exe: Shutdown complete

2018-03-07 09:56:02 12f4 InnoDB: Warning: Using innodb_additional_mem_pool_size is DEPRECATED. This option may be removed in future releases, together with the option innodb_use_sys_malloc and with the InnoDB's internal memory allocator.
2018-03-07  9:56:02 4852 [Note] InnoDB: innodb_empty_free_list_algorithm has been changed to legacy because of small buffer pool size. In order to use backoff, increase buffer pool at least up to 20MB.

2018-03-07  9:56:02 4852 [Note] InnoDB: Using mutexes to ref count buffer pool pages
2018-03-07  9:56:02 4852 [Note] InnoDB: The InnoDB memory heap is disabled
2018-03-07  9:56:02 4852 [Note] InnoDB: Mutexes and rw_locks use Windows interlocked functions
2018-03-07  9:56:02 4852 [Note] InnoDB: _mm_lfence() and _mm_sfence() are used for memory barrier
2018-03-07  9:56:02 4852 [Note] InnoDB: Compressed tables use zlib 1.2.3
2018-03-07  9:56:02 4852 [Note] InnoDB: Using generic crc32 instructions
2018-03-07  9:56:02 4852 [Note] InnoDB: Initializing buffer pool, size = 16.0M
2018-03-07  9:56:02 4852 [Note] InnoDB: Completed initialization of buffer pool
2018-03-07  9:56:02 4852 [Note] InnoDB: Highest supported file format is Barracuda.
2018-03-07  9:56:02 4852 [Note] InnoDB: 128 rollback segment(s) are active.
2018-03-07  9:56:02 4852 [Note] InnoDB: Waiting for purge to start
2018-03-07  9:56:02 4852 [Note] InnoDB:  Percona XtraDB (http://www.percona.com) 5.6.36-82.2 started; log sequence number 1835037
2018-03-07  9:56:02 5428 [Note] InnoDB: Dumping buffer pool(s) not yet started
2018-03-07  9:56:02 4852 [Note] Plugin 'FEEDBACK' is disabled.
2018-03-07  9:56:02 4852 [Note] Server socket created on IP: '::'.
2018-03-07  9:56:03 4852 [Note] d:\xampp\mysql\bin\mysqld.exe: ready for connections.
Version: '10.1.30-MariaDB'  socket: ''  port: 3306  mariadb.org binary distribution
2018-03-14 09:03:12 1c3c InnoDB: Warning: Using innodb_additional_mem_pool_size is DEPRECATED. This option may be removed in future releases, together with the option innodb_use_sys_malloc and with the InnoDB's internal memory allocator.
2018-03-14  9:03:12 7228 [Note] InnoDB: innodb_empty_free_list_algorithm has been changed to legacy because of small buffer pool size. In order to use backoff, increase buffer pool at least up to 20MB.

2018-03-14  9:03:12 7228 [Note] InnoDB: Using mutexes to ref count buffer pool pages
2018-03-14  9:03:12 7228 [Note] InnoDB: The InnoDB memory heap is disabled
2018-03-14  9:03:12 7228 [Note] InnoDB: Mutexes and rw_locks use Windows interlocked functions
2018-03-14  9:03:12 7228 [Note] InnoDB: _mm_lfence() and _mm_sfence() are used for memory barrier
2018-03-14  9:03:12 7228 [Note] InnoDB: Compressed tables use zlib 1.2.3
2018-03-14  9:03:12 7228 [Note] InnoDB: Using generic crc32 instructions
2018-03-14  9:03:12 7228 [Note] InnoDB: Initializing buffer pool, size = 16.0M
2018-03-14  9:03:12 7228 [Note] InnoDB: Completed initialization of buffer pool
2018-03-14  9:03:12 7228 [Note] InnoDB: Highest supported file format is Barracuda.
2018-03-14  9:03:12 7228 [Note] InnoDB: The log sequence number 1835037 in ibdata file do not match the log sequence number 1835047 in the ib_logfiles!
2018-03-14  9:03:12 7228 [Note] InnoDB: Restoring possible half-written data pages from the doublewrite buffer...
2018-03-14  9:03:13 7228 [Note] InnoDB: 128 rollback segment(s) are active.
2018-03-14  9:03:13 7228 [Note] InnoDB: Waiting for purge to start
2018-03-14  9:03:13 7228 [Note] InnoDB:  Percona XtraDB (http://www.percona.com) 5.6.36-82.2 started; log sequence number 1835047
2018-03-14  9:03:13 5688 [Note] InnoDB: Dumping buffer pool(s) not yet started
2018-03-14  9:03:13 7228 [Note] Plugin 'FEEDBACK' is disabled.
2018-03-14  9:03:13 7228 [Note] Server socket created on IP: '::'.
2018-03-14  9:03:14 7228 [Note] d:\xampp\mysql\bin\mysqld.exe: ready for connections.
Version: '10.1.30-MariaDB'  socket: ''  port: 3306  mariadb.org binary distribution
2018-03-14 11:23:24 414 InnoDB: Warning: Using innodb_additional_mem_pool_size is DEPRECATED. This option may be removed in future releases, together with the option innodb_use_sys_malloc and with the InnoDB's internal memory allocator.
2018-03-14 11:23:24 1044 [Note] InnoDB: innodb_empty_free_list_algorithm has been changed to legacy because of small buffer pool size. In order to use backoff, increase buffer pool at least up to 20MB.

2018-03-14 11:23:24 1044 [Note] InnoDB: Using mutexes to ref count buffer pool pages
2018-03-14 11:23:24 1044 [Note] InnoDB: The InnoDB memory heap is disabled
2018-03-14 11:23:24 1044 [Note] InnoDB: Mutexes and rw_locks use Windows interlocked functions
2018-03-14 11:23:24 1044 [Note] InnoDB: _mm_lfence() and _mm_sfence() are used for memory barrier
2018-03-14 11:23:24 1044 [Note] InnoDB: Compressed tables use zlib 1.2.3
2018-03-14 11:23:24 1044 [Note] InnoDB: Using generic crc32 instructions
2018-03-14 11:23:24 1044 [Note] InnoDB: Initializing buffer pool, size = 16.0M
2018-03-14 11:23:24 1044 [Note] InnoDB: Completed initialization of buffer pool
2018-03-14 11:23:24 1044 [Note] InnoDB: Highest supported file format is Barracuda.
2018-03-14 11:23:24 1044 [Note] InnoDB: The log sequence number 1835037 in ibdata file do not match the log sequence number 1864209 in the ib_logfiles!
2018-03-14 11:23:24 1044 [Note] InnoDB: Restoring possible half-written data pages from the doublewrite buffer...
2018-03-14 11:23:24 1044 [Note] InnoDB: 128 rollback segment(s) are active.
2018-03-14 11:23:24 1044 [Note] InnoDB: Waiting for purge to start
2018-03-14 11:23:24 1044 [Note] InnoDB:  Percona XtraDB (http://www.percona.com) 5.6.36-82.2 started; log sequence number 1864209
2018-03-14 11:23:25 6168 [Note] InnoDB: Dumping buffer pool(s) not yet started
2018-03-14 11:23:25 1044 [Note] Plugin 'FEEDBACK' is disabled.
2018-03-14 11:23:25 1044 [Note] Server socket created on IP: '::'.
2018-03-14 11:23:25 1044 [ERROR] mysqld.exe: Table '.\mysql\user' is marked as crashed and should be repaired
2018-03-14 11:23:25 1044 [Warning] Checking table:   '.\mysql\user'
2018-03-14 11:23:25 1044 [ERROR] mysql.user: 1 client is using or hasn't closed the table properly
2018-03-14 11:23:25 1044 [Note] d:\xampp\mysql\bin\mysqld.exe: ready for connections.
Version: '10.1.30-MariaDB'  socket: ''  port: 3306  mariadb.org binary distribution
2018-03-19 13:29:25 29c8 InnoDB: Warning: Using innodb_additional_mem_pool_size is DEPRECATED. This option may be removed in future releases, together with the option innodb_use_sys_malloc and with the InnoDB's internal memory allocator.
2018-03-19 13:29:25 10696 [Note] InnoDB: innodb_empty_free_list_algorithm has been changed to legacy because of small buffer pool size. In order to use backoff, increase buffer pool at least up to 20MB.

2018-03-19 13:29:25 10696 [Note] InnoDB: Using mutexes to ref count buffer pool pages
2018-03-19 13:29:25 10696 [Note] InnoDB: The InnoDB memory heap is disabled
2018-03-19 13:29:25 10696 [Note] InnoDB: Mutexes and rw_locks use Windows interlocked functions
2018-03-19 13:29:25 10696 [Note] InnoDB: _mm_lfence() and _mm_sfence() are used for memory barrier
2018-03-19 13:29:25 10696 [Note] InnoDB: Compressed tables use zlib 1.2.3
2018-03-19 13:29:25 10696 [Note] InnoDB: Using generic crc32 instructions
2018-03-19 13:29:25 10696 [Note] InnoDB: Initializing buffer pool, size = 16.0M
2018-03-19 13:29:25 10696 [Note] InnoDB: Completed initialization of buffer pool
2018-03-19 13:29:26 10696 [Note] InnoDB: Highest supported file format is Barracuda.
2018-03-19 13:29:26 10696 [Note] InnoDB: The log sequence number 1835037 in ibdata file do not match the log sequence number 1864219 in the ib_logfiles!
2018-03-19 13:29:26 10696 [Note] InnoDB: Restoring possible half-written data pages from the doublewrite buffer...
2018-03-19 13:29:26 10696 [Note] InnoDB: 128 rollback segment(s) are active.
2018-03-19 13:29:26 10696 [Note] InnoDB: Waiting for purge to start
2018-03-19 13:29:26 10696 [Note] InnoDB:  Percona XtraDB (http://www.percona.com) 5.6.36-82.2 started; log sequence number 1864219
2018-03-19 13:29:27 10832 [Note] InnoDB: Dumping buffer pool(s) not yet started
2018-03-19 13:29:27 10696 [Note] Plugin 'FEEDBACK' is disabled.
2018-03-19 13:29:27 10696 [Note] Server socket created on IP: '::'.
2018-03-19 13:29:27 10696 [Note] d:\xampp\mysql\bin\mysqld.exe: ready for connections.
Version: '10.1.30-MariaDB'  socket: ''  port: 3306  mariadb.org binary distribution
