2015-11-10 15:26:56 10fc InnoDB: Warning: Using innodb_additional_mem_pool_size is DEPRECATED. This option may be removed in future releases, together with the option innodb_use_sys_malloc and with the InnoDB's internal memory allocator.
2015-11-10 15:26:56 4348 [Note] InnoDB: Using mutexes to ref count buffer pool pages
2015-11-10 15:26:56 4348 [Note] InnoDB: The InnoDB memory heap is disabled
2015-11-10 15:26:56 4348 [Note] InnoDB: Mutexes and rw_locks use Windows interlocked functions
2015-11-10 15:26:56 4348 [Note] InnoDB: Memory barrier is not used
2015-11-10 15:26:56 4348 [Note] InnoDB: Compressed tables use zlib 1.2.3
2015-11-10 15:26:56 4348 [Note] InnoDB: Not using CPU crc32 instructions
2015-11-10 15:26:56 4348 [Note] InnoDB: Initializing buffer pool, size = 16.0M
2015-11-10 15:26:56 4348 [Note] InnoDB: Completed initialization of buffer pool
2015-11-10 15:26:56 4348 [Note] InnoDB: Highest supported file format is Barracuda.
2015-11-10 15:26:57 4348 [Note] InnoDB: 128 rollback segment(s) are active.
2015-11-10 15:26:57 4348 [Note] InnoDB: Waiting for purge to start
2015-11-10 15:26:57 4348 [Note] InnoDB:  Percona XtraDB (http://www.percona.com) 5.6.26-74.0 started; log sequence number 1835027
2015-11-10 15:26:57 6140 [Note] InnoDB: Dumping buffer pool(s) not yet started
2015-11-10 15:26:57 4348 [Note] Plugin 'FEEDBACK' is disabled.
2015-11-10 15:26:57 4348 [Note] Server socket created on IP: '::'.
2015-11-10 15:26:57 4348 [Note] Event Scheduler: Loaded 0 events
2015-11-10 15:26:57 4348 [Note] C:\xampp\mysql\bin\mysqld.exe: ready for connections.
Version: '10.1.8-MariaDB'  socket: ''  port: 3306  mariadb.org binary distribution
2015-11-10 15:27:11 5152 [Note] C:\xampp\mysql\bin\mysqld.exe: Normal shutdown

2015-11-10 15:27:11 5152 [Note] Event Scheduler: Purging the queue. 0 events
2015-11-10 15:27:11 5732 [Note] InnoDB: FTS optimize thread exiting.
2015-11-10 15:27:11 5152 [Note] InnoDB: Starting shutdown...
2015-11-10 15:27:13 5152 [Note] InnoDB: Shutdown completed; log sequence number 1835037
2015-11-10 15:27:13 5152 [Note] C:\xampp\mysql\bin\mysqld.exe: Shutdown complete

2018-03-07 09:56:02 12f4 InnoDB: Warning: Using innodb_additional_mem_pool_size is DEPRECATED. This option may be removed in future releases, together with the option innodb_use_sys_malloc and with the InnoDB's internal memory allocator.
2018-03-07  9:56:02 4852 [Note] InnoDB: innodb_empty_free_list_algorithm has been changed to legacy because of small buffer pool size. In order to use backoff, increase buffer pool at least up to 20MB.

2018-03-07  9:56:02 4852 [Note] InnoDB: Using mutexes to ref count buffer pool pages
2018-03-07  9:56:02 4852 [Note] InnoDB: The InnoDB memory heap is disabled
2018-03-07  9:56:02 4852 [Note] InnoDB: Mutexes and rw_locks use Windows interlocked functions
2018-03-07  9:56:02 4852 [Note] InnoDB: _mm_lfence() and _mm_sfence() are used for memory barrier
2018-03-07  9:56:02 4852 [Note] InnoDB: Compressed tables use zlib 1.2.3
2018-03-07  9:56:02 4852 [Note] InnoDB: Using generic crc32 instructions
2018-03-07  9:56:02 4852 [Note] InnoDB: Initializing buffer pool, size = 16.0M
2018-03-07  9:56:02 4852 [Note] InnoDB: Completed initialization of buffer pool
2018-03-07  9:56:02 4852 [Note] InnoDB: Highest supported file format is Barracuda.
2018-03-07  9:56:02 4852 [Note] InnoDB: 128 rollback segment(s) are active.
2018-03-07  9:56:02 4852 [Note] InnoDB: Waiting for purge to start
2018-03-07  9:56:02 4852 [Note] InnoDB:  Percona XtraDB (http://www.percona.com) 5.6.36-82.2 started; log sequence number 1835037
2018-03-07  9:56:02 5428 [Note] InnoDB: Dumping buffer pool(s) not yet started
2018-03-07  9:56:02 4852 [Note] Plugin 'FEEDBACK' is disabled.
2018-03-07  9:56:02 4852 [Note] Server socket created on IP: '::'.
2018-03-07  9:56:03 4852 [Note] d:\xampp\mysql\bin\mysqld.exe: ready for connections.
Version: '10.1.30-MariaDB'  socket: ''  port: 3306  mariadb.org binary distribution
2018-03-14 09:03:12 1c3c InnoDB: Warning: Using innodb_additional_mem_pool_size is DEPRECATED. This option may be removed in future releases, together with the option innodb_use_sys_malloc and with the InnoDB's internal memory allocator.
2018-03-14  9:03:12 7228 [Note] InnoDB: innodb_empty_free_list_algorithm has been changed to legacy because of small buffer pool size. In order to use backoff, increase buffer pool at least up to 20MB.

2018-03-14  9:03:12 7228 [Note] InnoDB: Using mutexes to ref count buffer pool pages
2018-03-14  9:03:12 7228 [Note] InnoDB: The InnoDB memory heap is disabled
2018-03-14  9:03:12 7228 [Note] InnoDB: Mutexes and rw_locks use Windows interlocked functions
2018-03-14  9:03:12 7228 [Note] InnoDB: _mm_lfence() and _mm_sfence() are used for memory barrier
2018-03-14  9:03:12 7228 [Note] InnoDB: Compressed tables use zlib 1.2.3
2018-03-14  9:03:12 7228 [Note] InnoDB: Using generic crc32 instructions
2018-03-14  9:03:12 7228 [Note] InnoDB: Initializing buffer pool, size = 16.0M
2018-03-14  9:03:12 7228 [Note] InnoDB: Completed initialization of buffer pool
2018-03-14  9:03:12 7228 [Note] InnoDB: Highest supported file format is Barracuda.
2018-03-14  9:03:12 7228 [Note] InnoDB: The log sequence number 1835037 in ibdata file do not match the log sequence number 1835047 in the ib_logfiles!
2018-03-14  9:03:12 7228 [Note] InnoDB: Restoring possible half-written data pages from the doublewrite buffer...
2018-03-14  9:03:13 7228 [Note] InnoDB: 128 rollback segment(s) are active.
2018-03-14  9:03:13 7228 [Note] InnoDB: Waiting for purge to start
2018-03-14  9:03:13 7228 [Note] InnoDB:  Percona XtraDB (http://www.percona.com) 5.6.36-82.2 started; log sequence number 1835047
2018-03-14  9:03:13 5688 [Note] InnoDB: Dumping buffer pool(s) not yet started
2018-03-14  9:03:13 7228 [Note] Plugin 'FEEDBACK' is disabled.
2018-03-14  9:03:13 7228 [Note] Server socket created on IP: '::'.
2018-03-14  9:03:14 7228 [Note] d:\xampp\mysql\bin\mysqld.exe: ready for connections.
Version: '10.1.30-MariaDB'  socket: ''  port: 3306  mariadb.org binary distribution
2018-03-14 11:23:24 414 InnoDB: Warning: Using innodb_additional_mem_pool_size is DEPRECATED. This option may be removed in future releases, together with the option innodb_use_sys_malloc and with the InnoDB's internal memory allocator.
2018-03-14 11:23:24 1044 [Note] InnoDB: innodb_empty_free_list_algorithm has been changed to legacy because of small buffer pool size. In order to use backoff, increase buffer pool at least up to 20MB.

2018-03-14 11:23:24 1044 [Note] InnoDB: Using mutexes to ref count buffer pool pages
2018-03-14 11:23:24 1044 [Note] InnoDB: The InnoDB memory heap is disabled
2018-03-14 11:23:24 1044 [Note] InnoDB: Mutexes and rw_locks use Windows interlocked functions
2018-03-14 11:23:24 1044 [Note] InnoDB: _mm_lfence() and _mm_sfence() are used for memory barrier
2018-03-14 11:23:24 1044 [Note] InnoDB: Compressed tables use zlib 1.2.3
2018-03-14 11:23:24 1044 [Note] InnoDB: Using generic crc32 instructions
2018-03-14 11:23:24 1044 [Note] InnoDB: Initializing buffer pool, size = 16.0M
2018-03-14 11:23:24 1044 [Note] InnoDB: Completed initialization of buffer pool
2018-03-14 11:23:24 1044 [Note] InnoDB: Highest supported file format is Barracuda.
2018-03-14 11:23:24 1044 [Note] InnoDB: The log sequence number 1835037 in ibdata file do not match the log sequence number 1864209 in the ib_logfiles!
2018-03-14 11:23:24 1044 [Note] InnoDB: Restoring possible half-written data pages from the doublewrite buffer...
2018-03-14 11:23:24 1044 [Note] InnoDB: 128 rollback segment(s) are active.
2018-03-14 11:23:24 1044 [Note] InnoDB: Waiting for purge to start
2018-03-14 11:23:24 1044 [Note] InnoDB:  Percona XtraDB (http://www.percona.com) 5.6.36-82.2 started; log sequence number 1864209
2018-03-14 11:23:25 6168 [Note] InnoDB: Dumping buffer pool(s) not yet started
2018-03-14 11:23:25 1044 [Note] Plugin 'FEEDBACK' is disabled.
2018-03-14 11:23:25 1044 [Note] Server socket created on IP: '::'.
2018-03-14 11:23:25 1044 [ERROR] mysqld.exe: Table '.\mysql\user' is marked as crashed and should be repaired
2018-03-14 11:23:25 1044 [Warning] Checking table:   '.\mysql\user'
2018-03-14 11:23:25 1044 [ERROR] mysql.user: 1 client is using or hasn't closed the table properly
2018-03-14 11:23:25 1044 [Note] d:\xampp\mysql\bin\mysqld.exe: ready for connections.
Version: '10.1.30-MariaDB'  socket: ''  port: 3306  mariadb.org binary distribution
2018-03-19 13:29:25 29c8 InnoDB: Warning: Using innodb_additional_mem_pool_size is DEPRECATED. This option may be removed in future releases, together with the option innodb_use_sys_malloc and with the InnoDB's internal memory allocator.
2018-03-19 13:29:25 10696 [Note] InnoDB: innodb_empty_free_list_algorithm has been changed to legacy because of small buffer pool size. In order to use backoff, increase buffer pool at least up to 20MB.

2018-03-19 13:29:25 10696 [Note] InnoDB: Using mutexes to ref count buffer pool pages
2018-03-19 13:29:25 10696 [Note] InnoDB: The InnoDB memory heap is disabled
2018-03-19 13:29:25 10696 [Note] InnoDB: Mutexes and rw_locks use Windows interlocked functions
2018-03-19 13:29:25 10696 [Note] InnoDB: _mm_lfence() and _mm_sfence() are used for memory barrier
2018-03-19 13:29:25 10696 [Note] InnoDB: Compressed tables use zlib 1.2.3
2018-03-19 13:29:25 10696 [Note] InnoDB: Using generic crc32 instructions
2018-03-19 13:29:25 10696 [Note] InnoDB: Initializing buffer pool, size = 16.0M
2018-03-19 13:29:25 10696 [Note] InnoDB: Completed initialization of buffer pool
2018-03-19 13:29:26 10696 [Note] InnoDB: Highest supported file format is Barracuda.
2018-03-19 13:29:26 10696 [Note] InnoDB: The log sequence number 1835037 in ibdata file do not match the log sequence number 1864219 in the ib_logfiles!
2018-03-19 13:29:26 10696 [Note] InnoDB: Restoring possible half-written data pages from the doublewrite buffer...
2018-03-19 13:29:26 10696 [Note] InnoDB: 128 rollback segment(s) are active.
2018-03-19 13:29:26 10696 [Note] InnoDB: Waiting for purge to start
2018-03-19 13:29:26 10696 [Note] InnoDB:  Percona XtraDB (http://www.percona.com) 5.6.36-82.2 started; log sequence number 1864219
2018-03-19 13:29:27 10832 [Note] InnoDB: Dumping buffer pool(s) not yet started
2018-03-19 13:29:27 10696 [Note] Plugin 'FEEDBACK' is disabled.
2018-03-19 13:29:27 10696 [Note] Server socket created on IP: '::'.
2018-03-19 13:29:27 10696 [Note] d:\xampp\mysql\bin\mysqld.exe: ready for connections.
Version: '10.1.30-MariaDB'  socket: ''  port: 3306  mariadb.org binary distribution
2018-03-20 08:39:36 898 InnoDB: Warning: Using innodb_additional_mem_pool_size is DEPRECATED. This option may be removed in future releases, together with the option innodb_use_sys_malloc and with the InnoDB's internal memory allocator.
2018-03-20  8:39:36 2200 [Note] InnoDB: innodb_empty_free_list_algorithm has been changed to legacy because of small buffer pool size. In order to use backoff, increase buffer pool at least up to 20MB.

2018-03-20  8:39:36 2200 [Note] InnoDB: Using mutexes to ref count buffer pool pages
2018-03-20  8:39:36 2200 [Note] InnoDB: The InnoDB memory heap is disabled
2018-03-20  8:39:36 2200 [Note] InnoDB: Mutexes and rw_locks use Windows interlocked functions
2018-03-20  8:39:36 2200 [Note] InnoDB: _mm_lfence() and _mm_sfence() are used for memory barrier
2018-03-20  8:39:36 2200 [Note] InnoDB: Compressed tables use zlib 1.2.3
2018-03-20  8:39:36 2200 [Note] InnoDB: Using generic crc32 instructions
2018-03-20  8:39:36 2200 [Note] InnoDB: Initializing buffer pool, size = 16.0M
2018-03-20  8:39:36 2200 [Note] InnoDB: Completed initialization of buffer pool
2018-03-20  8:39:36 2200 [Note] InnoDB: Highest supported file format is Barracuda.
2018-03-20  8:39:36 2200 [Note] InnoDB: The log sequence number 1835037 in ibdata file do not match the log sequence number 1864229 in the ib_logfiles!
2018-03-20  8:39:36 2200 [Note] InnoDB: Restoring possible half-written data pages from the doublewrite buffer...
2018-03-20  8:39:37 2200 [Note] InnoDB: 128 rollback segment(s) are active.
2018-03-20  8:39:37 2200 [Note] InnoDB: Waiting for purge to start
2018-03-20  8:39:37 2200 [Note] InnoDB:  Percona XtraDB (http://www.percona.com) 5.6.36-82.2 started; log sequence number 1864229
2018-03-20  8:39:37 9460 [Note] InnoDB: Dumping buffer pool(s) not yet started
2018-03-20  8:39:37 2200 [Note] Plugin 'FEEDBACK' is disabled.
2018-03-20  8:39:37 2200 [Note] Server socket created on IP: '::'.
2018-03-20  8:39:37 2200 [Note] d:\xampp\mysql\bin\mysqld.exe: ready for connections.
Version: '10.1.30-MariaDB'  socket: ''  port: 3306  mariadb.org binary distribution
2018-03-27 08:23:24 1c70 InnoDB: Warning: Using innodb_additional_mem_pool_size is DEPRECATED. This option may be removed in future releases, together with the option innodb_use_sys_malloc and with the InnoDB's internal memory allocator.
2018-03-27  8:23:24 7280 [Note] InnoDB: innodb_empty_free_list_algorithm has been changed to legacy because of small buffer pool size. In order to use backoff, increase buffer pool at least up to 20MB.

2018-03-27  8:23:24 7280 [Note] InnoDB: Using mutexes to ref count buffer pool pages
2018-03-27  8:23:24 7280 [Note] InnoDB: The InnoDB memory heap is disabled
2018-03-27  8:23:24 7280 [Note] InnoDB: Mutexes and rw_locks use Windows interlocked functions
2018-03-27  8:23:24 7280 [Note] InnoDB: _mm_lfence() and _mm_sfence() are used for memory barrier
2018-03-27  8:23:24 7280 [Note] InnoDB: Compressed tables use zlib 1.2.3
2018-03-27  8:23:24 7280 [Note] InnoDB: Using generic crc32 instructions
2018-03-27  8:23:24 7280 [Note] InnoDB: Initializing buffer pool, size = 16.0M
2018-03-27  8:23:24 7280 [Note] InnoDB: Completed initialization of buffer pool
2018-03-27  8:23:24 7280 [Note] InnoDB: Highest supported file format is Barracuda.
2018-03-27  8:23:24 7280 [Note] InnoDB: The log sequence number 1835037 in ibdata file do not match the log sequence number 1869046 in the ib_logfiles!
2018-03-27  8:23:25 7280 [Note] InnoDB: Restoring possible half-written data pages from the doublewrite buffer...
2018-03-27  8:23:25 7280 [Note] InnoDB: 128 rollback segment(s) are active.
2018-03-27  8:23:25 7280 [Note] InnoDB: Waiting for purge to start
2018-03-27  8:23:25 7280 [Note] InnoDB:  Percona XtraDB (http://www.percona.com) 5.6.36-82.2 started; log sequence number 1869046
2018-03-27  8:23:25 2360 [Note] InnoDB: Dumping buffer pool(s) not yet started
2018-03-27  8:23:25 7280 [Note] Plugin 'FEEDBACK' is disabled.
2018-03-27  8:23:25 7280 [Note] Server socket created on IP: '::'.
2018-03-27  8:23:25 7280 [Note] d:\xampp\mysql\bin\mysqld.exe: ready for connections.
Version: '10.1.30-MariaDB'  socket: ''  port: 3306  mariadb.org binary distribution
2018-03-27  8:37:14 5068 [ERROR] Incorrect definition of table mysql.column_stats: expected column 'min_value' at position 3 to have type varbinary(255), found type varchar(255).
2018-03-27  8:37:14 5068 [ERROR] Incorrect definition of table mysql.column_stats: expected column 'max_value' at position 4 to have type varbinary(255), found type varchar(255).
2018-03-27  8:37:14 5068 [ERROR] Incorrect definition of table mysql.column_stats: expected column 'min_value' at position 3 to have type varbinary(255), found type varchar(255).
2018-03-27  8:37:14 5068 [ERROR] Incorrect definition of table mysql.column_stats: expected column 'max_value' at position 4 to have type varbinary(255), found type varchar(255).
2018-03-27  8:37:14 5068 [ERROR] Incorrect definition of table mysql.column_stats: expected column 'min_value' at position 3 to have type varbinary(255), found type varchar(255).
2018-03-27  8:37:14 5068 [ERROR] Incorrect definition of table mysql.column_stats: expected column 'max_value' at position 4 to have type varbinary(255), found type varchar(255).
2018-03-27 10:43:45 16f8 InnoDB: Warning: Using innodb_additional_mem_pool_size is DEPRECATED. This option may be removed in future releases, together with the option innodb_use_sys_malloc and with the InnoDB's internal memory allocator.
2018-03-27 10:43:45 5880 [Note] InnoDB: innodb_empty_free_list_algorithm has been changed to legacy because of small buffer pool size. In order to use backoff, increase buffer pool at least up to 20MB.

2018-03-27 10:43:45 5880 [Note] InnoDB: Using mutexes to ref count buffer pool pages
2018-03-27 10:43:45 5880 [Note] InnoDB: The InnoDB memory heap is disabled
2018-03-27 10:43:45 5880 [Note] InnoDB: Mutexes and rw_locks use Windows interlocked functions
2018-03-27 10:43:45 5880 [Note] InnoDB: _mm_lfence() and _mm_sfence() are used for memory barrier
2018-03-27 10:43:45 5880 [Note] InnoDB: Compressed tables use zlib 1.2.3
2018-03-27 10:43:45 5880 [Note] InnoDB: Using generic crc32 instructions
2018-03-27 10:43:45 5880 [Note] InnoDB: Initializing buffer pool, size = 16.0M
2018-03-27 10:43:45 5880 [Note] InnoDB: Completed initialization of buffer pool
2018-03-27 10:43:45 5880 [Note] InnoDB: Highest supported file format is Barracuda.
2018-03-27 10:43:45 5880 [Note] InnoDB: The log sequence number 1835037 in ibdata file do not match the log sequence number 1929264 in the ib_logfiles!
2018-03-27 10:43:45 5880 [Note] InnoDB: Restoring possible half-written data pages from the doublewrite buffer...
2018-03-27 10:43:45 5880 [Note] InnoDB: 128 rollback segment(s) are active.
2018-03-27 10:43:45 5880 [Note] InnoDB: Waiting for purge to start
2018-03-27 10:43:45 5880 [Note] InnoDB:  Percona XtraDB (http://www.percona.com) 5.6.36-82.2 started; log sequence number 1929264
2018-03-27 10:43:45 5280 [Note] InnoDB: Dumping buffer pool(s) not yet started
2018-03-27 10:43:45 5880 [Note] Plugin 'FEEDBACK' is disabled.
2018-03-27 10:43:45 5880 [Note] Server socket created on IP: '::'.
2018-03-27 10:43:46 5880 [Note] d:\xampp\mysql\bin\mysqld.exe: ready for connections.
Version: '10.1.30-MariaDB'  socket: ''  port: 3306  mariadb.org binary distribution
2018-03-28 08:51:12 1fd4 InnoDB: Warning: Using innodb_additional_mem_pool_size is DEPRECATED. This option may be removed in future releases, together with the option innodb_use_sys_malloc and with the InnoDB's internal memory allocator.
2018-03-28  8:51:12 8148 [Note] InnoDB: innodb_empty_free_list_algorithm has been changed to legacy because of small buffer pool size. In order to use backoff, increase buffer pool at least up to 20MB.

2018-03-28  8:51:12 8148 [Note] InnoDB: Using mutexes to ref count buffer pool pages
2018-03-28  8:51:12 8148 [Note] InnoDB: The InnoDB memory heap is disabled
2018-03-28  8:51:12 8148 [Note] InnoDB: Mutexes and rw_locks use Windows interlocked functions
2018-03-28  8:51:12 8148 [Note] InnoDB: _mm_lfence() and _mm_sfence() are used for memory barrier
2018-03-28  8:51:12 8148 [Note] InnoDB: Compressed tables use zlib 1.2.3
2018-03-28  8:51:12 8148 [Note] InnoDB: Using generic crc32 instructions
2018-03-28  8:51:12 8148 [Note] InnoDB: Initializing buffer pool, size = 16.0M
2018-03-28  8:51:12 8148 [Note] InnoDB: Completed initialization of buffer pool
2018-03-28  8:51:12 8148 [Note] InnoDB: Highest supported file format is Barracuda.
2018-03-28  8:51:12 8148 [Note] InnoDB: The log sequence number 1835037 in ibdata file do not match the log sequence number 1932906 in the ib_logfiles!
2018-03-28  8:51:12 8148 [Note] InnoDB: Restoring possible half-written data pages from the doublewrite buffer...
2018-03-28  8:51:13 8148 [Note] InnoDB: 128 rollback segment(s) are active.
2018-03-28  8:51:13 8148 [Note] InnoDB: Waiting for purge to start
2018-03-28  8:51:13 8148 [Note] InnoDB:  Percona XtraDB (http://www.percona.com) 5.6.36-82.2 started; log sequence number 1932906
2018-03-28  8:51:13 8184 [Note] InnoDB: Dumping buffer pool(s) not yet started
2018-03-28  8:51:13 8148 [Note] Plugin 'FEEDBACK' is disabled.
2018-03-28  8:51:13 8148 [Note] Server socket created on IP: '::'.
2018-03-28  8:51:13 8148 [Note] d:\xampp\mysql\bin\mysqld.exe: ready for connections.
Version: '10.1.30-MariaDB'  socket: ''  port: 3306  mariadb.org binary distribution
2018-03-28  9:11:28 7660 [ERROR] Incorrect definition of table mysql.column_stats: expected column 'min_value' at position 3 to have type varbinary(255), found type varchar(255).
2018-03-28  9:11:28 7660 [ERROR] Incorrect definition of table mysql.column_stats: expected column 'max_value' at position 4 to have type varbinary(255), found type varchar(255).
2018-03-28  9:11:28 7660 [ERROR] Incorrect definition of table mysql.column_stats: expected column 'min_value' at position 3 to have type varbinary(255), found type varchar(255).
2018-03-28  9:11:28 7660 [ERROR] Incorrect definition of table mysql.column_stats: expected column 'max_value' at position 4 to have type varbinary(255), found type varchar(255).
2018-03-28  9:11:28 7660 [ERROR] Incorrect definition of table mysql.column_stats: expected column 'min_value' at position 3 to have type varbinary(255), found type varchar(255).
2018-03-28  9:11:28 7660 [ERROR] Incorrect definition of table mysql.column_stats: expected column 'max_value' at position 4 to have type varbinary(255), found type varchar(255).
2018-03-28  9:13:50 5212 [ERROR] Incorrect definition of table mysql.column_stats: expected column 'min_value' at position 3 to have type varbinary(255), found type varchar(255).
2018-03-28  9:13:50 5212 [ERROR] Incorrect definition of table mysql.column_stats: expected column 'max_value' at position 4 to have type varbinary(255), found type varchar(255).
2018-03-28  9:13:51 5212 [ERROR] Incorrect definition of table mysql.column_stats: expected column 'min_value' at position 3 to have type varbinary(255), found type varchar(255).
2018-03-28  9:13:51 5212 [ERROR] Incorrect definition of table mysql.column_stats: expected column 'max_value' at position 4 to have type varbinary(255), found type varchar(255).
2018-03-28  9:18:37 5212 [ERROR] Incorrect definition of table mysql.column_stats: expected column 'min_value' at position 3 to have type varbinary(255), found type varchar(255).
2018-03-28  9:18:37 5212 [ERROR] Incorrect definition of table mysql.column_stats: expected column 'max_value' at position 4 to have type varbinary(255), found type varchar(255).
2018-03-28  9:18:50 7660 [ERROR] Incorrect definition of table mysql.column_stats: expected column 'min_value' at position 3 to have type varbinary(255), found type varchar(255).
2018-03-28  9:18:50 7660 [ERROR] Incorrect definition of table mysql.column_stats: expected column 'max_value' at position 4 to have type varbinary(255), found type varchar(255).
2018-03-28  9:18:50 5212 [ERROR] Incorrect definition of table mysql.column_stats: expected column 'min_value' at position 3 to have type varbinary(255), found type varchar(255).
2018-03-28  9:18:50 5212 [ERROR] Incorrect definition of table mysql.column_stats: expected column 'max_value' at position 4 to have type varbinary(255), found type varchar(255).
2018-04-11 08:58:45 1c18 InnoDB: Warning: Using innodb_additional_mem_pool_size is DEPRECATED. This option may be removed in future releases, together with the option innodb_use_sys_malloc and with the InnoDB's internal memory allocator.
2018-04-11  8:58:45 7192 [Note] InnoDB: innodb_empty_free_list_algorithm has been changed to legacy because of small buffer pool size. In order to use backoff, increase buffer pool at least up to 20MB.

2018-04-11  8:58:45 7192 [Note] InnoDB: Using mutexes to ref count buffer pool pages
2018-04-11  8:58:45 7192 [Note] InnoDB: The InnoDB memory heap is disabled
2018-04-11  8:58:45 7192 [Note] InnoDB: Mutexes and rw_locks use Windows interlocked functions
2018-04-11  8:58:45 7192 [Note] InnoDB: _mm_lfence() and _mm_sfence() are used for memory barrier
2018-04-11  8:58:45 7192 [Note] InnoDB: Compressed tables use zlib 1.2.3
2018-04-11  8:58:45 7192 [Note] InnoDB: Using generic crc32 instructions
2018-04-11  8:58:45 7192 [Note] InnoDB: Initializing buffer pool, size = 16.0M
2018-04-11  8:58:45 7192 [Note] InnoDB: Completed initialization of buffer pool
2018-04-11  8:58:45 7192 [Note] InnoDB: Highest supported file format is Barracuda.
2018-04-11  8:58:45 7192 [Note] InnoDB: The log sequence number 1835037 in ibdata file do not match the log sequence number 2157318 in the ib_logfiles!
2018-04-11  8:58:46 7192 [Note] InnoDB: Restoring possible half-written data pages from the doublewrite buffer...
2018-04-11  8:58:47 7192 [Note] InnoDB: 128 rollback segment(s) are active.
2018-04-11  8:58:47 7192 [Note] InnoDB: Waiting for purge to start
2018-04-11  8:58:47 7192 [Note] InnoDB:  Percona XtraDB (http://www.percona.com) 5.6.36-82.2 started; log sequence number 2157318
2018-04-11  8:58:47 2012 [Note] InnoDB: Dumping buffer pool(s) not yet started
2018-04-11  8:58:47 7192 [Note] Plugin 'FEEDBACK' is disabled.
2018-04-11  8:58:47 7192 [Note] Server socket created on IP: '::'.
2018-04-11  8:58:47 7192 [Note] d:\xampp\mysql\bin\mysqld.exe: ready for connections.
Version: '10.1.30-MariaDB'  socket: ''  port: 3306  mariadb.org binary distribution
2018-04-13 11:45:35 12dc InnoDB: Warning: Using innodb_additional_mem_pool_size is DEPRECATED. This option may be removed in future releases, together with the option innodb_use_sys_malloc and with the InnoDB's internal memory allocator.
2018-04-13 11:45:35 4828 [Note] InnoDB: innodb_empty_free_list_algorithm has been changed to legacy because of small buffer pool size. In order to use backoff, increase buffer pool at least up to 20MB.

2018-04-13 11:45:35 4828 [Note] InnoDB: Using mutexes to ref count buffer pool pages
2018-04-13 11:45:35 4828 [Note] InnoDB: The InnoDB memory heap is disabled
2018-04-13 11:45:35 4828 [Note] InnoDB: Mutexes and rw_locks use Windows interlocked functions
2018-04-13 11:45:35 4828 [Note] InnoDB: _mm_lfence() and _mm_sfence() are used for memory barrier
2018-04-13 11:45:35 4828 [Note] InnoDB: Compressed tables use zlib 1.2.3
2018-04-13 11:45:35 4828 [Note] InnoDB: Using generic crc32 instructions
2018-04-13 11:45:35 4828 [Note] InnoDB: Initializing buffer pool, size = 16.0M
2018-04-13 11:45:35 4828 [Note] InnoDB: Completed initialization of buffer pool
2018-04-13 11:45:35 4828 [Note] InnoDB: Highest supported file format is Barracuda.
2018-04-13 11:45:35 4828 [Note] InnoDB: The log sequence number 1835037 in ibdata file do not match the log sequence number 2166576 in the ib_logfiles!
2018-04-13 11:45:35 4828 [Note] InnoDB: Restoring possible half-written data pages from the doublewrite buffer...
2018-04-13 11:45:35 4828 [Note] InnoDB: 128 rollback segment(s) are active.
2018-04-13 11:45:35 4828 [Note] InnoDB: Waiting for purge to start
2018-04-13 11:45:35 4828 [Note] InnoDB:  Percona XtraDB (http://www.percona.com) 5.6.36-82.2 started; log sequence number 2166576
2018-04-13 11:45:36 6456 [Note] InnoDB: Dumping buffer pool(s) not yet started
2018-04-13 11:45:36 4828 [Note] Plugin 'FEEDBACK' is disabled.
2018-04-13 11:45:36 4828 [Note] Server socket created on IP: '::'.
2018-04-13 11:45:36 4828 [Note] d:\xampp\mysql\bin\mysqld.exe: ready for connections.
Version: '10.1.30-MariaDB'  socket: ''  port: 3306  mariadb.org binary distribution
2018-04-16 10:13:02 6d0 InnoDB: Warning: Using innodb_additional_mem_pool_size is DEPRECATED. This option may be removed in future releases, together with the option innodb_use_sys_malloc and with the InnoDB's internal memory allocator.
2018-04-16 10:13:02 1744 [Note] InnoDB: innodb_empty_free_list_algorithm has been changed to legacy because of small buffer pool size. In order to use backoff, increase buffer pool at least up to 20MB.

2018-04-16 10:13:02 1744 [Note] InnoDB: Using mutexes to ref count buffer pool pages
2018-04-16 10:13:02 1744 [Note] InnoDB: The InnoDB memory heap is disabled
2018-04-16 10:13:02 1744 [Note] InnoDB: Mutexes and rw_locks use Windows interlocked functions
2018-04-16 10:13:02 1744 [Note] InnoDB: _mm_lfence() and _mm_sfence() are used for memory barrier
2018-04-16 10:13:02 1744 [Note] InnoDB: Compressed tables use zlib 1.2.3
2018-04-16 10:13:02 1744 [Note] InnoDB: Using generic crc32 instructions
2018-04-16 10:13:02 1744 [Note] InnoDB: Initializing buffer pool, size = 16.0M
2018-04-16 10:13:02 1744 [Note] InnoDB: Completed initialization of buffer pool
2018-04-16 10:13:02 1744 [Note] InnoDB: Highest supported file format is Barracuda.
2018-04-16 10:13:02 1744 [Note] InnoDB: The log sequence number 1835037 in ibdata file do not match the log sequence number 2166930 in the ib_logfiles!
2018-04-16 10:13:03 1744 [Note] InnoDB: Restoring possible half-written data pages from the doublewrite buffer...
2018-04-16 10:13:03 1744 [Note] InnoDB: 128 rollback segment(s) are active.
2018-04-16 10:13:03 1744 [Note] InnoDB: Waiting for purge to start
2018-04-16 10:13:03 1744 [Note] InnoDB:  Percona XtraDB (http://www.percona.com) 5.6.36-82.2 started; log sequence number 2166930
2018-04-16 10:13:03 8380 [Note] InnoDB: Dumping buffer pool(s) not yet started
2018-04-16 10:13:03 1744 [Note] Plugin 'FEEDBACK' is disabled.
2018-04-16 10:13:03 1744 [Note] Server socket created on IP: '::'.
2018-04-16 10:13:04 1744 [Note] d:\xampp\mysql\bin\mysqld.exe: ready for connections.
Version: '10.1.30-MariaDB'  socket: ''  port: 3306  mariadb.org binary distribution
